
=== Tue May  7 08:12:44 2024

Packages were changed.
Update Mode: mergeDefaultDependencies

The following packages were added:
  com.unity.modules.ai@1.0.0
  com.unity.modules.androidjni@1.0.0
  com.unity.modules.animation@1.0.0
  com.unity.modules.assetbundle@1.0.0
  com.unity.modules.audio@1.0.0
  com.unity.modules.cloth@1.0.0
  com.unity.modules.director@1.0.0
  com.unity.modules.imageconversion@1.0.0
  com.unity.modules.imgui@1.0.0
  com.unity.modules.jsonserialize@1.0.0
  com.unity.modules.particlesystem@1.0.0
  com.unity.modules.physics@1.0.0
  com.unity.modules.physics2d@1.0.0
  com.unity.modules.screencapture@1.0.0
  com.unity.modules.terrain@1.0.0
  com.unity.modules.terrainphysics@1.0.0
  com.unity.modules.tilemap@1.0.0
  com.unity.modules.ui@1.0.0
  com.unity.modules.uielements@1.0.0
  com.unity.modules.umbra@1.0.0
  com.unity.modules.unityanalytics@1.0.0
  com.unity.modules.unitywebrequest@1.0.0
  com.unity.modules.unitywebrequestassetbundle@1.0.0
  com.unity.modules.unitywebrequestaudio@1.0.0
  com.unity.modules.unitywebrequesttexture@1.0.0
  com.unity.modules.unitywebrequestwww@1.0.0
  com.unity.modules.vehicles@1.0.0
  com.unity.modules.video@1.0.0
  com.unity.modules.vr@1.0.0
  com.unity.modules.wind@1.0.0
  com.unity.modules.xr@1.0.0
The following packages were updated:
  com.unity.collab-proxy from version 2.0.0 to 2.0.5
  com.unity.feature.2d from version 1.0.0 to 2.0.0
  com.unity.ide.rider from version 3.0.18 to 3.0.24
  com.unity.ide.visualstudio from version 2.0.17 to 2.0.18
  com.unity.render-pipelines.universal from version 14.0.6 to 14.0.8
  com.unity.timeline from version 1.7.3 to 1.7.5

=== Tue Oct  7 14:17:15 2025

Packages were changed.
Update Mode: updateDependencies

The following packages were added:
  com.unity.modules.accessibility@1.0.0
  com.unity.multiplayer.center@1.0.0
The following packages were updated:
  com.unity.cinemachine from version 2.9.7 to 2.10.4
  com.unity.collab-proxy from version 2.3.1 to 2.9.3
  com.unity.feature.2d from version 2.0.0 to 2.0.1
  com.unity.ide.rider from version 3.0.24 to 3.0.37
  com.unity.ide.visualstudio from version 2.0.18 to 2.0.23
  com.unity.inputsystem from version 1.6.3 to 1.14.2
  com.unity.postprocessing from version 3.2.2 to 3.5.0
  com.unity.render-pipelines.universal from version 14.0.8 to 17.2.0
  com.unity.test-framework from version 1.1.33 to 1.6.0
  com.unity.timeline from version 1.7.6 to 1.8.9
  com.unity.toolchain.win-x86_64-linux-x86_64 from version 2.0.9 to 2.0.10
  com.unity.ugui from version 1.0.0 to 2.0.0
  com.unity.visualeffectgraph from version 14.0.8 to 17.2.0
  com.unity.visualscripting from version 1.8.0 to 1.9.7
The following packages were removed:
  com.unity.textmeshpro@3.0.9

=== Wed Oct 29 11:22:56 2025

Packages were changed.
Update Mode: updateDependencies

The following packages were updated:
  com.unity.collab-proxy from version 2.9.3 to 2.10.0
  com.unity.ide.visualstudio from version 2.0.23 to 2.0.25
  com.unity.visualscripting from version 1.9.7 to 1.9.8

=== Tue Feb 17 10:38:41 2026

Packages were changed.
Update Mode: updateDependencies

The following packages were added:
  com.unity.modules.adaptiveperformance@1.0.0
  com.unity.modules.vectorgraphics@1.0.0
The following packages were updated:
  com.unity.collab-proxy from version 2.10.0 to 2.11.3
  com.unity.feature.2d from version 2.0.1 to 2.0.2
  com.unity.ide.rider from version 3.0.38 to 3.0.39
  com.unity.ide.visualstudio from version 2.0.25 to 2.0.26
  com.unity.inputsystem from version 1.14.2 to 1.18.0
  com.unity.multiplayer.center from version 1.0.0 to 1.0.1
  com.unity.postprocessing from version 3.5.0 to 3.5.1
  com.unity.render-pipelines.universal from version 17.2.0 to 17.3.0
  com.unity.timeline from version 1.8.9 to 1.8.10
  com.unity.visualeffectgraph from version 17.2.0 to 17.3.0
  com.unity.visualscripting from version 1.9.8 to 1.9.9

=== Tue Mar 31 10:35:36 2026

Packages were changed.
Update Mode: updateDependencies

The following packages were updated:
  com.unity.ide.visualstudio from version 2.0.18 to 2.0.26
  com.unity.test-framework from version 1.1.31 to 1.6.0
  com.unity.testtools.codecoverage from version 1.2.3 to 1.3.0
  com.unity.ugui from version 1.0.0 to 2.0.0
The following packages were removed:
  com.unity.textmeshpro@3.0.6

=== Tue Mar 31 10:35:36 2026

Packages were changed.
Update Mode: mergeDefaultDependencies

The following packages were added:
  com.unity.2d.sprite@1.0.0
  com.unity.ide.vscode@1.2.5
  com.unity.testtools.codecoverage@1.3.0
  com.unity.modules.subsystems@1.0.0
  com.unity.modules.uielementsnative@1.0.0
